<?xml version="1.0" encoding="UTF-8"?>
<testsuite xmlns:xsi="http://www.w3.org/2001/XMLSchema-instance" xsi:noNamespaceSchemaLocation="https://maven.apache.org/surefire/maven-surefire-plugin/xsd/surefire-test-report.xsd" name="com.ecommerce.AppTest" time="0.172" tests="1" errors="0" skipped="0" failures="0">
  <properties>
    <property name="sun.desktop" value="windows"/>
    <property name="awt.toolkit" value="sun.awt.windows.WToolkit"/>
    <property name="file.encoding.pkg" value="sun.io"/>
    <property name="java.specification.version" value="1.8"/>
    <property name="sun.cpu.isalist" value="amd64"/>
    <property name="sun.jnu.encoding" value="GBK"/>
    <property name="java.class.path" value="E:\Tool\IDEA\项目源码\ecommerce\target\test-classes;E:\Tool\IDEA\项目源码\ecommerce\target\classes;D:\Environment\maven\maven-repository\mysql\mysql-connector-java\5.1.30\mysql-connector-java-5.1.30.jar;D:\Environment\maven\maven-repository\com\alibaba\druid\1.1.3\druid-1.1.3.jar;D:\Environment\jdk\jre\..\lib\jconsole.jar;D:\Environment\jdk\jre\..\lib\tools.jar;D:\Environment\maven\maven-repository\org\mybatis\spring\boot\mybatis-spring-boot-starter\1.3.1\mybatis-spring-boot-starter-1.3.1.jar;D:\Environment\maven\maven-repository\org\springframework\boot\spring-boot-starter\2.1.4.RELEASE\spring-boot-starter-2.1.4.RELEASE.jar;D:\Environment\maven\maven-repository\org\springframework\boot\spring-boot\2.1.4.RELEASE\spring-boot-2.1.4.RELEASE.jar;D:\Environment\maven\maven-repository\org\springframework\boot\spring-boot-autoconfigure\2.1.4.RELEASE\spring-boot-autoconfigure-2.1.4.RELEASE.jar;D:\Environment\maven\maven-repository\org\springframework\boot\spring-boot-starter-logging\2.1.4.RELEASE\spring-boot-starter-logging-2.1.4.RELEASE.jar;D:\Environment\maven\maven-repository\ch\qos\logback\logback-classic\1.2.3\logback-classic-1.2.3.jar;D:\Environment\maven\maven-repository\ch\qos\logback\logback-core\1.2.3\logback-core-1.2.3.jar;D:\Environment\maven\maven-repository\org\apache\logging\log4j\log4j-to-slf4j\2.11.2\log4j-to-slf4j-2.11.2.jar;D:\Environment\maven\maven-repository\org\apache\logging\log4j\log4j-api\2.11.2\log4j-api-2.11.2.jar;D:\Environment\maven\maven-repository\org\slf4j\jul-to-slf4j\1.7.26\jul-to-slf4j-1.7.26.jar;D:\Environment\maven\maven-repository\javax\annotation\javax.annotation-api\1.3.2\javax.annotation-api-1.3.2.jar;D:\Environment\maven\maven-repository\org\springframework\spring-core\5.1.6.RELEASE\spring-core-5.1.6.RELEASE.jar;D:\Environment\maven\maven-repository\org\springframework\spring-jcl\5.1.6.RELEASE\spring-jcl-5.1.6.RELEASE.jar;D:\Environment\maven\maven-repository\org\yaml\snakeyaml\1.23\snakeyaml-1.23.jar;D:\Environment\maven\maven-repository\org\springframework\boot\spring-boot-starter-jdbc\2.1.4.RELEASE\spring-boot-starter-jdbc-2.1.4.RELEASE.jar;D:\Environment\maven\maven-repository\com\zaxxer\HikariCP\3.2.0\HikariCP-3.2.0.jar;D:\Environment\maven\maven-repository\org\slf4j\slf4j-api\1.7.26\slf4j-api-1.7.26.jar;D:\Environment\maven\maven-repository\org\springframework\spring-jdbc\5.1.6.RELEASE\spring-jdbc-5.1.6.RELEASE.jar;D:\Environment\maven\maven-repository\org\springframework\spring-tx\5.1.6.RELEASE\spring-tx-5.1.6.RELEASE.jar;D:\Environment\maven\maven-repository\org\mybatis\spring\boot\mybatis-spring-boot-autoconfigure\1.3.1\mybatis-spring-boot-autoconfigure-1.3.1.jar;D:\Environment\maven\maven-repository\org\mybatis\mybatis\3.4.5\mybatis-3.4.5.jar;D:\Environment\maven\maven-repository\org\mybatis\mybatis-spring\1.3.1\mybatis-spring-1.3.1.jar;D:\Environment\maven\maven-repository\org\apache\commons\commons-lang3\3.7\commons-lang3-3.7.jar;D:\Environment\maven\maven-repository\org\hibernate\hibernate-validator\5.2.4.Final\hibernate-validator-5.2.4.Final.jar;D:\Environment\maven\maven-repository\javax\validation\validation-api\2.0.1.Final\validation-api-2.0.1.Final.jar;D:\Environment\maven\maven-repository\org\jboss\logging\jboss-logging\3.3.2.Final\jboss-logging-3.3.2.Final.jar;D:\Environment\maven\maven-repository\com\fasterxml\classmate\1.4.0\classmate-1.4.0.jar;D:\Environment\maven\maven-repository\org\springframework\boot\spring-boot-starter-web\2.1.4.RELEASE\spring-boot-starter-web-2.1.4.RELEASE.jar;D:\Environment\maven\maven-repository\org\springframework\boot\spring-boot-starter-json\2.1.4.RELEASE\spring-boot-starter-json-2.1.4.RELEASE.jar;D:\Environment\maven\maven-repository\com\fasterxml\jackson\core\jackson-databind\2.9.8\jackson-databind-2.9.8.jar;D:\Environment\maven\maven-repository\com\fasterxml\jackson\core\jackson-annotations\2.9.0\jackson-annotations-2.9.0.jar;D:\Environment\maven\maven-repository\com\fasterxml\jackson\core\jackson-core\2.9.8\jackson-core-2.9.8.jar;D:\Environment\maven\maven-repository\com\fasterxml\jackson\datatype\jackson-datatype-jdk8\2.9.8\jackson-datatype-jdk8-2.9.8.jar;D:\Environment\maven\maven-repository\com\fasterxml\jackson\datatype\jackson-datatype-jsr310\2.9.8\jackson-datatype-jsr310-2.9.8.jar;D:\Environment\maven\maven-repository\com\fasterxml\jackson\module\jackson-module-parameter-names\2.9.8\jackson-module-parameter-names-2.9.8.jar;D:\Environment\maven\maven-repository\org\springframework\boot\spring-boot-starter-tomcat\2.1.4.RELEASE\spring-boot-starter-tomcat-2.1.4.RELEASE.jar;D:\Environment\maven\maven-repository\org\apache\tomcat\embed\tomcat-embed-core\9.0.17\tomcat-embed-core-9.0.17.jar;D:\Environment\maven\maven-repository\org\apache\tomcat\embed\tomcat-embed-el\9.0.17\tomcat-embed-el-9.0.17.jar;D:\Environment\maven\maven-repository\org\apache\tomcat\embed\tomcat-embed-websocket\9.0.17\tomcat-embed-websocket-9.0.17.jar;D:\Environment\maven\maven-repository\org\hibernate\validator\hibernate-validator\6.0.16.Final\hibernate-validator-6.0.16.Final.jar;D:\Environment\maven\maven-repository\org\springframework\spring-web\5.1.6.RELEASE\spring-web-5.1.6.RELEASE.jar;D:\Environment\maven\maven-repository\org\springframework\spring-beans\5.1.6.RELEASE\spring-beans-5.1.6.RELEASE.jar;D:\Environment\maven\maven-repository\org\springframework\spring-webmvc\5.1.6.RELEASE\spring-webmvc-5.1.6.RELEASE.jar;D:\Environment\maven\maven-repository\org\springframework\spring-aop\5.1.6.RELEASE\spring-aop-5.1.6.RELEASE.jar;D:\Environment\maven\maven-repository\org\springframework\spring-context\5.1.6.RELEASE\spring-context-5.1.6.RELEASE.jar;D:\Environment\maven\maven-repository\org\springframework\spring-expression\5.1.6.RELEASE\spring-expression-5.1.6.RELEASE.jar;D:\Environment\maven\maven-repository\junit\junit\4.11\junit-4.11.jar;D:\Environment\maven\maven-repository\org\hamcrest\hamcrest-core\1.3\hamcrest-core-1.3.jar;D:\Environment\maven\maven-repository\joda-time\joda-time\2.9.1\joda-time-2.9.1.jar;"/>
    <property name="java.vm.vendor" value="Oracle Corporation"/>
    <property name="sun.arch.data.model" value="64"/>
    <property name="user.variant" value=""/>
    <property name="java.vendor.url" value="http://java.oracle.com/"/>
    <property name="user.timezone" value="Asia/Shanghai"/>
    <property name="java.vm.specification.version" value="1.8"/>
    <property name="os.name" value="Windows 10"/>
    <property name="user.country" value="CN"/>
    <property name="sun.java.launcher" value="SUN_STANDARD"/>
    <property name="sun.boot.library.path" value="D:\Environment\jdk\jre\bin"/>
    <property name="sun.java.command" value="C:\Users\ADMINI~1\AppData\Local\Temp\surefire8629289817139505213\surefirebooter4345180042189951543.jar C:\Users\Administrator\AppData\Local\Temp\surefire8629289817139505213 2019-08-15T21-01-01_934-jvmRun1 surefire5192593393325149759tmp surefire_05646979429079098741tmp"/>
    <property name="surefire.test.class.path" value="E:\Tool\IDEA\项目源码\ecommerce\target\test-classes;E:\Tool\IDEA\项目源码\ecommerce\target\classes;D:\Environment\maven\maven-repository\mysql\mysql-connector-java\5.1.30\mysql-connector-java-5.1.30.jar;D:\Environment\maven\maven-repository\com\alibaba\druid\1.1.3\druid-1.1.3.jar;D:\Environment\jdk\jre\..\lib\jconsole.jar;D:\Environment\jdk\jre\..\lib\tools.jar;D:\Environment\maven\maven-repository\org\mybatis\spring\boot\mybatis-spring-boot-starter\1.3.1\mybatis-spring-boot-starter-1.3.1.jar;D:\Environment\maven\maven-repository\org\springframework\boot\spring-boot-starter\2.1.4.RELEASE\spring-boot-starter-2.1.4.RELEASE.jar;D:\Environment\maven\maven-repository\org\springframework\boot\spring-boot\2.1.4.RELEASE\spring-boot-2.1.4.RELEASE.jar;D:\Environment\maven\maven-repository\org\springframework\boot\spring-boot-autoconfigure\2.1.4.RELEASE\spring-boot-autoconfigure-2.1.4.RELEASE.jar;D:\Environment\maven\maven-repository\org\springframework\boot\spring-boot-starter-logging\2.1.4.RELEASE\spring-boot-starter-logging-2.1.4.RELEASE.jar;D:\Environment\maven\maven-repository\ch\qos\logback\logback-classic\1.2.3\logback-classic-1.2.3.jar;D:\Environment\maven\maven-repository\ch\qos\logback\logback-core\1.2.3\logback-core-1.2.3.jar;D:\Environment\maven\maven-repository\org\apache\logging\log4j\log4j-to-slf4j\2.11.2\log4j-to-slf4j-2.11.2.jar;D:\Environment\maven\maven-repository\org\apache\logging\log4j\log4j-api\2.11.2\log4j-api-2.11.2.jar;D:\Environment\maven\maven-repository\org\slf4j\jul-to-slf4j\1.7.26\jul-to-slf4j-1.7.26.jar;D:\Environment\maven\maven-repository\javax\annotation\javax.annotation-api\1.3.2\javax.annotation-api-1.3.2.jar;D:\Environment\maven\maven-repository\org\springframework\spring-core\5.1.6.RELEASE\spring-core-5.1.6.RELEASE.jar;D:\Environment\maven\maven-repository\org\springframework\spring-jcl\5.1.6.RELEASE\spring-jcl-5.1.6.RELEASE.jar;D:\Environment\maven\maven-repository\org\yaml\snakeyaml\1.23\snakeyaml-1.23.jar;D:\Environment\maven\maven-repository\org\springframework\boot\spring-boot-starter-jdbc\2.1.4.RELEASE\spring-boot-starter-jdbc-2.1.4.RELEASE.jar;D:\Environment\maven\maven-repository\com\zaxxer\HikariCP\3.2.0\HikariCP-3.2.0.jar;D:\Environment\maven\maven-repository\org\slf4j\slf4j-api\1.7.26\slf4j-api-1.7.26.jar;D:\Environment\maven\maven-repository\org\springframework\spring-jdbc\5.1.6.RELEASE\spring-jdbc-5.1.6.RELEASE.jar;D:\Environment\maven\maven-repository\org\springframework\spring-tx\5.1.6.RELEASE\spring-tx-5.1.6.RELEASE.jar;D:\Environment\maven\maven-repository\org\mybatis\spring\boot\mybatis-spring-boot-autoconfigure\1.3.1\mybatis-spring-boot-autoconfigure-1.3.1.jar;D:\Environment\maven\maven-repository\org\mybatis\mybatis\3.4.5\mybatis-3.4.5.jar;D:\Environment\maven\maven-repository\org\mybatis\mybatis-spring\1.3.1\mybatis-spring-1.3.1.jar;D:\Environment\maven\maven-repository\org\apache\commons\commons-lang3\3.7\commons-lang3-3.7.jar;D:\Environment\maven\maven-repository\org\hibernate\hibernate-validator\5.2.4.Final\hibernate-validator-5.2.4.Final.jar;D:\Environment\maven\maven-repository\javax\validation\validation-api\2.0.1.Final\validation-api-2.0.1.Final.jar;D:\Environment\maven\maven-repository\org\jboss\logging\jboss-logging\3.3.2.Final\jboss-logging-3.3.2.Final.jar;D:\Environment\maven\maven-repository\com\fasterxml\classmate\1.4.0\classmate-1.4.0.jar;D:\Environment\maven\maven-repository\org\springframework\boot\spring-boot-starter-web\2.1.4.RELEASE\spring-boot-starter-web-2.1.4.RELEASE.jar;D:\Environment\maven\maven-repository\org\springframework\boot\spring-boot-starter-json\2.1.4.RELEASE\spring-boot-starter-json-2.1.4.RELEASE.jar;D:\Environment\maven\maven-repository\com\fasterxml\jackson\core\jackson-databind\2.9.8\jackson-databind-2.9.8.jar;D:\Environment\maven\maven-repository\com\fasterxml\jackson\core\jackson-annotations\2.9.0\jackson-annotations-2.9.0.jar;D:\Environment\maven\maven-repository\com\fasterxml\jackson\core\jackson-core\2.9.8\jackson-core-2.9.8.jar;D:\Environment\maven\maven-repository\com\fasterxml\jackson\datatype\jackson-datatype-jdk8\2.9.8\jackson-datatype-jdk8-2.9.8.jar;D:\Environment\maven\maven-repository\com\fasterxml\jackson\datatype\jackson-datatype-jsr310\2.9.8\jackson-datatype-jsr310-2.9.8.jar;D:\Environment\maven\maven-repository\com\fasterxml\jackson\module\jackson-module-parameter-names\2.9.8\jackson-module-parameter-names-2.9.8.jar;D:\Environment\maven\maven-repository\org\springframework\boot\spring-boot-starter-tomcat\2.1.4.RELEASE\spring-boot-starter-tomcat-2.1.4.RELEASE.jar;D:\Environment\maven\maven-repository\org\apache\tomcat\embed\tomcat-embed-core\9.0.17\tomcat-embed-core-9.0.17.jar;D:\Environment\maven\maven-repository\org\apache\tomcat\embed\tomcat-embed-el\9.0.17\tomcat-embed-el-9.0.17.jar;D:\Environment\maven\maven-repository\org\apache\tomcat\embed\tomcat-embed-websocket\9.0.17\tomcat-embed-websocket-9.0.17.jar;D:\Environment\maven\maven-repository\org\hibernate\validator\hibernate-validator\6.0.16.Final\hibernate-validator-6.0.16.Final.jar;D:\Environment\maven\maven-repository\org\springframework\spring-web\5.1.6.RELEASE\spring-web-5.1.6.RELEASE.jar;D:\Environment\maven\maven-repository\org\springframework\spring-beans\5.1.6.RELEASE\spring-beans-5.1.6.RELEASE.jar;D:\Environment\maven\maven-repository\org\springframework\spring-webmvc\5.1.6.RELEASE\spring-webmvc-5.1.6.RELEASE.jar;D:\Environment\maven\maven-repository\org\springframework\spring-aop\5.1.6.RELEASE\spring-aop-5.1.6.RELEASE.jar;D:\Environment\maven\maven-repository\org\springframework\spring-context\5.1.6.RELEASE\spring-context-5.1.6.RELEASE.jar;D:\Environment\maven\maven-repository\org\springframework\spring-expression\5.1.6.RELEASE\spring-expression-5.1.6.RELEASE.jar;D:\Environment\maven\maven-repository\junit\junit\4.11\junit-4.11.jar;D:\Environment\maven\maven-repository\org\hamcrest\hamcrest-core\1.3\hamcrest-core-1.3.jar;D:\Environment\maven\maven-repository\joda-time\joda-time\2.9.1\joda-time-2.9.1.jar;"/>
    <property name="sun.cpu.endian" value="little"/>
    <property name="user.home" value="C:\Users\Administrator"/>
    <property name="user.language" value="zh"/>
    <property name="java.specification.vendor" value="Oracle Corporation"/>
    <property name="java.home" value="D:\Environment\jdk\jre"/>
    <property name="basedir" value="E:\Tool\IDEA\项目源码\ecommerce"/>
    <property name="file.separator" value="\"/>
    <property name="line.separator" value="&#10;"/>
    <property name="java.vm.specification.vendor" value="Oracle Corporation"/>
    <property name="java.specification.name" value="Java Platform API Specification"/>
    <property name="java.awt.graphicsenv" value="sun.awt.Win32GraphicsEnvironment"/>
    <property name="surefire.real.class.path" value="C:\Users\ADMINI~1\AppData\Local\Temp\surefire8629289817139505213\surefirebooter4345180042189951543.jar"/>
    <property name="sun.boot.class.path" value="D:\Environment\jdk\jre\lib\resources.jar;D:\Environment\jdk\jre\lib\rt.jar;D:\Environment\jdk\jre\lib\sunrsasign.jar;D:\Environment\jdk\jre\lib\jsse.jar;D:\Environment\jdk\jre\lib\jce.jar;D:\Environment\jdk\jre\lib\charsets.jar;D:\Environment\jdk\jre\lib\jfr.jar;D:\Environment\jdk\jre\classes"/>
    <property name="user.script" value=""/>
    <property name="sun.management.compiler" value="HotSpot 64-Bit Tiered Compilers"/>
    <property name="java.runtime.version" value="1.8.0_131-b11"/>
    <property name="user.name" value="Administrator"/>
    <property name="path.separator" value=";"/>
    <property name="-DarchetypeCatalog" value="local"/>
    <property name="os.version" value="10.0"/>
    <property name="java.endorsed.dirs" value="D:\Environment\jdk\jre\lib\endorsed"/>
    <property name="java.runtime.name" value="Java(TM) SE Runtime Environment"/>
    <property name="file.encoding" value="GBK"/>
    <property name="java.vm.name" value="Java HotSpot(TM) 64-Bit Server VM"/>
    <property name="localRepository" value="D:\Environment\maven\maven-repository"/>
    <property name="java.vendor.url.bug" value="http://bugreport.sun.com/bugreport/"/>
    <property name="java.io.tmpdir" value="C:\Users\ADMINI~1\AppData\Local\Temp\"/>
    <property name="java.version" value="1.8.0_131"/>
    <property name="user.dir" value="E:\Tool\IDEA\项目源码\ecommerce"/>
    <property name="os.arch" value="amd64"/>
    <property name="java.vm.specification.name" value="Java Virtual Machine Specification"/>
    <property name="java.awt.printerjob" value="sun.awt.windows.WPrinterJob"/>
    <property name="idea.version2019.1.2" value="true"/>
    <property name="sun.os.patch.level" value=""/>
    <property name="java.library.path" value="D:\Environment\jdk\jre\bin;C:\Windows\Sun\Java\bin;C:\Windows\system32;C:\Windows;C:\Windows\system32;C:\Windows;C:\Windows\System32\Wbem;C:\Windows\System32\WindowsPowerShell\v1.0\;C:\Windows\System32\OpenSSH\;C:\Program Files (x86)\MySQL\MySQL Utilities 1.3.5\;C:\Users\Administrator\AppData\Local\Microsoft\WindowsApps;;."/>
    <property name="java.vm.info" value="mixed mode"/>
    <property name="java.vendor" value="Oracle Corporation"/>
    <property name="java.vm.version" value="25.131-b11"/>
    <property name="java.ext.dirs" value="D:\Environment\jdk\jre\lib\ext;C:\Windows\Sun\Java\lib\ext"/>
    <property name="sun.io.unicode.encoding" value="UnicodeLittle"/>
    <property name="java.class.version" value="52.0"/>
  </properties>
  <testcase name="shouldAnswerWithTrue" classname="com.ecommerce.AppTest" time="0.014"/>
</testsuite>